2020-10-19 10:18:54.192 beta-log [main] INFO  com.secbro2.ElkApplication - Starting ElkApplication on 192.168.0.109 with PID 54389 (/Users/zzs/develop/projects/springboot-all/springboot-logback-elk/target/classes started by zzs in /Users/zzs/develop/projects/springboot-all/springboot-logback-elk)
2020-10-19 10:18:54.196 beta-log [main] DEBUG com.secbro2.ElkApplication - Running with Spring Boot v2.1.3.RELEASE, Spring v5.1.5.RELEASE
2020-10-19 10:18:54.196 beta-log [main] INFO  com.secbro2.ElkApplication - The following profiles are active: dev
2020-10-19 10:18:55.170 beta-log [main] INFO  o.s.b.w.e.tomcat.TomcatWebServer - Tomcat initialized with port(s): 8080 (http)
2020-10-19 10:18:55.185 beta-log [main] INFO  o.a.coyote.http11.Http11NioProtocol - Initializing ProtocolHandler ["http-nio-8080"]
2020-10-19 10:18:55.192 beta-log [main] INFO  o.a.catalina.core.StandardService - Starting service [Tomcat]
2020-10-19 10:18:55.193 beta-log [main] INFO  o.a.catalina.core.StandardEngine - Starting Servlet engine: [Apache Tomcat/9.0.16]
2020-10-19 10:18:55.199 beta-log [main] INFO  o.a.c.core.AprLifecycleListener - The APR based Apache Tomcat Native library which allows optimal performance in production environments was not found on the java.library.path: [/Users/zzs/Library/Java/Extensions:/Library/Java/Extensions:/Network/Library/Java/Extensions:/System/Library/Java/Extensions:/usr/lib/java:.]
2020-10-19 10:18:55.286 beta-log [main] INFO  o.a.c.c.C.[Tomcat].[localhost].[/] - Initializing Spring embedded WebApplicationContext
2020-10-19 10:18:55.286 beta-log [main] INFO  o.s.web.context.ContextLoader - Root WebApplicationContext: initialization completed in 1047 ms
2020-10-19 10:18:55.493 beta-log [main] INFO  o.s.s.c.ThreadPoolTaskExecutor - Initializing ExecutorService 'applicationTaskExecutor'
2020-10-19 10:18:55.669 beta-log [main] INFO  o.a.coyote.http11.Http11NioProtocol - Starting ProtocolHandler ["http-nio-8080"]
2020-10-19 10:18:55.700 beta-log [main] INFO  o.s.b.w.e.tomcat.TomcatWebServer - Tomcat started on port(s): 8080 (http) with context path ''
2020-10-19 10:18:55.703 beta-log [main] INFO  com.secbro2.ElkApplication - Started ElkApplication in 2.505 seconds (JVM running for 3.879)
2020-10-19 10:19:24.755 beta-log [Thread-8] INFO  o.s.s.c.ThreadPoolTaskExecutor - Shutting down ExecutorService 'applicationTaskExecutor'
2020-10-19 10:19:29.513 beta-log [main] INFO  com.secbro2.ElkApplication - Starting ElkApplication on 192.168.0.109 with PID 54431 (/Users/zzs/develop/projects/springboot-all/springboot-logback-elk/target/classes started by zzs in /Users/zzs/develop/projects/springboot-all/springboot-logback-elk)
2020-10-19 10:19:29.516 beta-log [main] DEBUG com.secbro2.ElkApplication - Running with Spring Boot v2.1.3.RELEASE, Spring v5.1.5.RELEASE
2020-10-19 10:19:29.516 beta-log [main] INFO  com.secbro2.ElkApplication - The following profiles are active: dev
2020-10-19 10:19:30.478 beta-log [main] INFO  o.s.b.w.e.tomcat.TomcatWebServer - Tomcat initialized with port(s): 8080 (http)
2020-10-19 10:19:30.494 beta-log [main] INFO  o.a.coyote.http11.Http11NioProtocol - Initializing ProtocolHandler ["http-nio-8080"]
2020-10-19 10:19:30.503 beta-log [main] INFO  o.a.catalina.core.StandardService - Starting service [Tomcat]
2020-10-19 10:19:30.503 beta-log [main] INFO  o.a.catalina.core.StandardEngine - Starting Servlet engine: [Apache Tomcat/9.0.16]
2020-10-19 10:19:30.510 beta-log [main] INFO  o.a.c.core.AprLifecycleListener - The APR based Apache Tomcat Native library which allows optimal performance in production environments was not found on the java.library.path: [/Users/zzs/Library/Java/Extensions:/Library/Java/Extensions:/Network/Library/Java/Extensions:/System/Library/Java/Extensions:/usr/lib/java:.]
2020-10-19 10:19:30.577 beta-log [main] INFO  o.a.c.c.C.[Tomcat].[localhost].[/] - Initializing Spring embedded WebApplicationContext
2020-10-19 10:19:30.577 beta-log [main] INFO  o.s.web.context.ContextLoader - Root WebApplicationContext: initialization completed in 1011 ms
2020-10-19 10:19:30.760 beta-log [main] INFO  o.s.s.c.ThreadPoolTaskExecutor - Initializing ExecutorService 'applicationTaskExecutor'
2020-10-19 10:19:30.906 beta-log [main] INFO  o.a.coyote.http11.Http11NioProtocol - Starting ProtocolHandler ["http-nio-8080"]
2020-10-19 10:19:30.932 beta-log [main] INFO  o.s.b.w.e.tomcat.TomcatWebServer - Tomcat started on port(s): 8080 (http) with context path ''
2020-10-19 10:19:30.937 beta-log [main] INFO  com.secbro2.ElkApplication - Started ElkApplication in 2.49 seconds (JVM running for 3.495)
2020-10-19 10:19:50.028 beta-log [Thread-9] INFO  o.s.s.c.ThreadPoolTaskExecutor - Shutting down ExecutorService 'applicationTaskExecutor'
2020-10-19 10:19:54.271 beta-log [main] INFO  com.secbro2.ElkApplication - Starting ElkApplication on 192.168.0.109 with PID 54455 (/Users/zzs/develop/projects/springboot-all/springboot-logback-elk/target/classes started by zzs in /Users/zzs/develop/projects/springboot-all/springboot-logback-elk)
2020-10-19 10:19:54.273 beta-log [main] DEBUG com.secbro2.ElkApplication - Running with Spring Boot v2.1.3.RELEASE, Spring v5.1.5.RELEASE
2020-10-19 10:19:54.274 beta-log [main] INFO  com.secbro2.ElkApplication - The following profiles are active: dev
2020-10-19 10:19:55.445 beta-log [main] INFO  o.s.b.w.e.tomcat.TomcatWebServer - Tomcat initialized with port(s): 8080 (http)
2020-10-19 10:19:55.461 beta-log [main] INFO  o.a.coyote.http11.Http11NioProtocol - Initializing ProtocolHandler ["http-nio-8080"]
2020-10-19 10:19:55.470 beta-log [main] INFO  o.a.catalina.core.StandardService - Starting service [Tomcat]
2020-10-19 10:19:55.470 beta-log [main] INFO  o.a.catalina.core.StandardEngine - Starting Servlet engine: [Apache Tomcat/9.0.16]
2020-10-19 10:19:55.477 beta-log [main] INFO  o.a.c.core.AprLifecycleListener - The APR based Apache Tomcat Native library which allows optimal performance in production environments was not found on the java.library.path: [/Users/zzs/Library/Java/Extensions:/Library/Java/Extensions:/Network/Library/Java/Extensions:/System/Library/Java/Extensions:/usr/lib/java:.]
2020-10-19 10:19:55.548 beta-log [main] INFO  o.a.c.c.C.[Tomcat].[localhost].[/] - Initializing Spring embedded WebApplicationContext
2020-10-19 10:19:55.549 beta-log [main] INFO  o.s.web.context.ContextLoader - Root WebApplicationContext: initialization completed in 1209 ms
2020-10-19 10:19:55.787 beta-log [main] INFO  o.s.s.c.ThreadPoolTaskExecutor - Initializing ExecutorService 'applicationTaskExecutor'
2020-10-19 10:19:55.913 beta-log [main] INFO  o.a.coyote.http11.Http11NioProtocol - Starting ProtocolHandler ["http-nio-8080"]
2020-10-19 10:19:55.965 beta-log [main] INFO  o.s.b.w.e.tomcat.TomcatWebServer - Tomcat started on port(s): 8080 (http) with context path ''
2020-10-19 10:19:55.968 beta-log [main] INFO  com.secbro2.ElkApplication - Started ElkApplication in 2.206 seconds (JVM running for 2.921)
2020-10-19 10:20:30.807 beta-log [http-nio-8080-exec-1] INFO  o.a.c.c.C.[Tomcat].[localhost].[/] - Initializing Spring DispatcherServlet 'dispatcherServlet'
2020-10-19 10:20:30.807 beta-log [http-nio-8080-exec-1] INFO  o.s.web.servlet.DispatcherServlet - Initializing Servlet 'dispatcherServlet'
2020-10-19 10:20:30.813 beta-log [http-nio-8080-exec-1] INFO  o.s.web.servlet.DispatcherServlet - Completed initialization in 6 ms
2020-10-19 10:20:30.832 beta-log [http-nio-8080-exec-1] DEBUG c.s.controller.HelloWorldController - Hello world 测试debug日志
2020-10-19 10:20:30.832 beta-log [http-nio-8080-exec-1] INFO  c.s.controller.HelloWorldController - Hello world 测试info日志
2020-10-19 10:20:30.832 beta-log [http-nio-8080-exec-1] WARN  c.s.controller.HelloWorldController - Hello world 测试warn日志
2020-10-19 10:20:30.832 beta-log [http-nio-8080-exec-1] ERROR c.s.controller.HelloWorldController - Hello world 测试error日志
2020-10-19 10:36:10.287 beta-log [Thread-6] INFO  o.s.s.c.ThreadPoolTaskExecutor - Shutting down ExecutorService 'applicationTaskExecutor'
2020-10-19 22:01:46.240 beta-log [main] INFO  com.secbro2.ElkApplication - Starting ElkApplication on 192.168.0.103 with PID 76373 (/Users/zzs/develop/projects/springboot-all/springboot-logback-elk/target/classes started by zzs in /Users/zzs/develop/projects/springboot-all/springboot-logback-elk)
2020-10-19 22:01:46.243 beta-log [main] DEBUG com.secbro2.ElkApplication - Running with Spring Boot v2.1.3.RELEASE, Spring v5.1.5.RELEASE
2020-10-19 22:01:46.243 beta-log [main] INFO  com.secbro2.ElkApplication - The following profiles are active: dev
2020-10-19 22:01:47.424 beta-log [main] INFO  o.s.b.w.e.tomcat.TomcatWebServer - Tomcat initialized with port(s): 8080 (http)
2020-10-19 22:01:47.440 beta-log [main] INFO  o.a.coyote.http11.Http11NioProtocol - Initializing ProtocolHandler ["http-nio-8080"]
2020-10-19 22:01:47.449 beta-log [main] INFO  o.a.catalina.core.StandardService - Starting service [Tomcat]
2020-10-19 22:01:47.449 beta-log [main] INFO  o.a.catalina.core.StandardEngine - Starting Servlet engine: [Apache Tomcat/9.0.16]
2020-10-19 22:01:47.456 beta-log [main] INFO  o.a.c.core.AprLifecycleListener - The APR based Apache Tomcat Native library which allows optimal performance in production environments was not found on the java.library.path: [/Users/zzs/Library/Java/Extensions:/Library/Java/Extensions:/Network/Library/Java/Extensions:/System/Library/Java/Extensions:/usr/lib/java:.]
2020-10-19 22:01:47.554 beta-log [main] INFO  o.a.c.c.C.[Tomcat].[localhost].[/] - Initializing Spring embedded WebApplicationContext
2020-10-19 22:01:47.554 beta-log [main] INFO  o.s.web.context.ContextLoader - Root WebApplicationContext: initialization completed in 1233 ms
2020-10-19 22:01:47.787 beta-log [main] INFO  o.s.s.c.ThreadPoolTaskExecutor - Initializing ExecutorService 'applicationTaskExecutor'
2020-10-19 22:01:47.957 beta-log [main] INFO  o.a.coyote.http11.Http11NioProtocol - Starting ProtocolHandler ["http-nio-8080"]
2020-10-19 22:01:47.990 beta-log [main] INFO  o.s.b.w.e.tomcat.TomcatWebServer - Tomcat started on port(s): 8080 (http) with context path ''
2020-10-19 22:01:47.995 beta-log [main] INFO  com.secbro2.ElkApplication - Started ElkApplication in 2.384 seconds (JVM running for 3.895)
2020-10-19 22:02:05.729 beta-log [Thread-7] INFO  o.s.s.c.ThreadPoolTaskExecutor - Shutting down ExecutorService 'applicationTaskExecutor'
2020-10-19 22:02:08.673 beta-log [main] INFO  com.secbro2.ElkApplication - Starting ElkApplication on 192.168.0.103 with PID 76397 (/Users/zzs/develop/projects/springboot-all/springboot-logback-elk/target/classes started by zzs in /Users/zzs/develop/projects/springboot-all/springboot-logback-elk)
2020-10-19 22:02:08.676 beta-log [main] DEBUG com.secbro2.ElkApplication - Running with Spring Boot v2.1.3.RELEASE, Spring v5.1.5.RELEASE
2020-10-19 22:02:08.677 beta-log [main] INFO  com.secbro2.ElkApplication - The following profiles are active: dev
2020-10-19 22:02:09.693 beta-log [main] INFO  o.s.b.w.e.tomcat.TomcatWebServer - Tomcat initialized with port(s): 8080 (http)
2020-10-19 22:02:09.708 beta-log [main] INFO  o.a.coyote.http11.Http11NioProtocol - Initializing ProtocolHandler ["http-nio-8080"]
2020-10-19 22:02:09.717 beta-log [main] INFO  o.a.catalina.core.StandardService - Starting service [Tomcat]
2020-10-19 22:02:09.718 beta-log [main] INFO  o.a.catalina.core.StandardEngine - Starting Servlet engine: [Apache Tomcat/9.0.16]
2020-10-19 22:02:09.725 beta-log [main] INFO  o.a.c.core.AprLifecycleListener - The APR based Apache Tomcat Native library which allows optimal performance in production environments was not found on the java.library.path: [/Users/zzs/Library/Java/Extensions:/Library/Java/Extensions:/Network/Library/Java/Extensions:/System/Library/Java/Extensions:/usr/lib/java:.]
2020-10-19 22:02:09.798 beta-log [main] INFO  o.a.c.c.C.[Tomcat].[localhost].[/] - Initializing Spring embedded WebApplicationContext
2020-10-19 22:02:09.798 beta-log [main] INFO  o.s.web.context.ContextLoader - Root WebApplicationContext: initialization completed in 1037 ms
2020-10-19 22:02:10.010 beta-log [main] INFO  o.s.s.c.ThreadPoolTaskExecutor - Initializing ExecutorService 'applicationTaskExecutor'
2020-10-19 22:02:10.149 beta-log [main] INFO  o.a.coyote.http11.Http11NioProtocol - Starting ProtocolHandler ["http-nio-8080"]
2020-10-19 22:02:10.200 beta-log [main] INFO  o.s.b.w.e.tomcat.TomcatWebServer - Tomcat started on port(s): 8080 (http) with context path ''
2020-10-19 22:02:10.204 beta-log [main] INFO  com.secbro2.ElkApplication - Started ElkApplication in 2.02 seconds (JVM running for 2.715)
2020-10-19 22:02:24.052 beta-log [http-nio-8080-exec-1] INFO  o.a.c.c.C.[Tomcat].[localhost].[/] - Initializing Spring DispatcherServlet 'dispatcherServlet'
2020-10-19 22:02:24.053 beta-log [http-nio-8080-exec-1] INFO  o.s.web.servlet.DispatcherServlet - Initializing Servlet 'dispatcherServlet'
2020-10-19 22:02:24.060 beta-log [http-nio-8080-exec-1] INFO  o.s.web.servlet.DispatcherServlet - Completed initialization in 7 ms
2020-10-19 22:02:24.078 beta-log [http-nio-8080-exec-1] DEBUG c.s.i.RequestIdTraceInterceptor - no request-id in request parameter or header
2020-10-19 22:02:24.085 beta-log [http-nio-8080-exec-1] DEBUG c.s.controller.HelloWorldController - Hello world 测试debug日志
2020-10-19 22:02:24.085 beta-log [http-nio-8080-exec-1] INFO  c.s.controller.HelloWorldController - Hello world 测试info日志
2020-10-19 22:02:24.085 beta-log [http-nio-8080-exec-1] WARN  c.s.controller.HelloWorldController - Hello world 测试warn日志
2020-10-19 22:02:24.085 beta-log [http-nio-8080-exec-1] ERROR c.s.controller.HelloWorldController - Hello world 测试error日志
2020-10-19 22:45:00.779 beta-log [Thread-6] INFO  o.s.s.c.ThreadPoolTaskExecutor - Shutting down ExecutorService 'applicationTaskExecutor'
